<?xml version="1.0" encoding="utf-8"?>
<coverage line-rate="0.9811" branch-rate="0.97" version="1.9" timestamp="1775756750" lines-covered="260" lines-valid="265" branches-covered="97" branches-valid="100">
  <sources>
    <source>/Users/liornabat/development/projects/kubemq/clients/kubemq-aspire/src/KubeMQ.Aspire.Client/</source>
  </sources>
  <packages>
    <package name="KubeMQ.Aspire.Client" line-rate="0.9811" branch-rate="0.97" complexity="133">
      <classes>
        <class name="Microsoft.Extensions.Hosting.KubeMQClientExtensions" filename="KubeMQClientExtensions.cs" line-rate="0.9593" branch-rate="0.9464" complexity="57">
          <methods>
            <method name="AddKubeMQClient" signature="(Microsoft.Extensions.Hosting.IHostApplicationBuilder,System.String,System.Action`1&lt;KubeMQ.Aspire.Client.KubeMQClientSettings&gt;,System.Action`1&lt;KubeMQ.Sdk.Client.KubeMQClientOptions&gt;)" line-rate="1" branch-rate="1" complexity="4">
              <lines>
                <line number="39" hits="64" branch="False" />
                <line number="40" hits="63" branch="False" />
                <line number="42" hits="3215" branch="True" condition-coverage="100% (2/2)">
                  <conditions>
                    <condition number="77" type="jump" coverage="100%" />
                  </conditions>
                </line>
                <line number="44" hits="1" branch="False" />
                <line number="45" hits="1" branch="False" />
                <line number="46" hits="1" branch="False" />
                <line number="49" hits="62" branch="False" />
                <line number="51" hits="62" branch="False" />
                <line number="52" hits="62" branch="False" />
                <line number="54" hits="39" branch="False" />
                <line number="55" hits="39" branch="False" />
                <line number="56" hits="20" branch="False" />
                <line number="57" hits="20" branch="True" condition-coverage="100% (2/2)">
                  <conditions>
                    <condition number="31" type="jump" coverage="100%" />
                  </conditions>
                </line>
                <line number="58" hits="50" branch="False" />
                <line number="60" hits="39" branch="False" />
                <line number="61" hits="39" branch="False" />
              </lines>
            </method>
            <method name="AddKeyedKubeMQClient" signature="(Microsoft.Extensions.Hosting.IHostApplicationBuilder,System.String,System.Action`1&lt;KubeMQ.Aspire.Client.KubeMQClientSettings&gt;,System.Action`1&lt;KubeMQ.Sdk.Client.KubeMQClientOptions&gt;)" line-rate="1" branch-rate="1" complexity="2">
              <lines>
                <line number="81" hits="16" branch="False" />
                <line number="82" hits="15" branch="False" />
                <line number="84" hits="13" branch="False" />
                <line number="85" hits="13" branch="False" />
                <line number="87" hits="12" branch="False" />
                <line number="88" hits="12" branch="False" />
                <line number="89" hits="12" branch="True" condition-coverage="100% (2/2)">
                  <conditions>
                    <condition number="85" type="jump" coverage="100%" />
                  </conditions>
                </line>
                <line number="94" hits="12" branch="False" />
                <line number="96" hits="17" branch="False" />
                <line number="97" hits="12" branch="False" />
                <line number="98" hits="12" branch="False" />
                <line number="100" hits="12" branch="False" />
                <line number="101" hits="12" branch="False" />
              </lines>
            </method>
            <method name="BindAndResolveSettings" signature="(Microsoft.Extensions.Hosting.IHostApplicationBuilder,System.String,System.String,System.Action`1&lt;KubeMQ.Aspire.Client.KubeMQClientSettings&gt;)" line-rate="1" branch-rate="1" complexity="8">
              <lines>
                <line number="109" hits="75" branch="False" />
                <line number="110" hits="75" branch="False" />
                <line number="111" hits="75" branch="True" condition-coverage="100% (2/2)">
                  <conditions>
                    <condition number="25" type="jump" coverage="100%" />
                  </conditions>
                </line>
                <line number="113" hits="75" branch="True" condition-coverage="100% (4/4)">
                  <conditions>
                    <condition number="40" type="jump" coverage="100%" />
                    <condition number="58" type="jump" coverage="100%" />
                  </conditions>
                </line>
                <line number="115" hits="3" branch="False" />
                <line number="116" hits="3" branch="False" />
                <line number="117" hits="3" branch="False" />
                <line number="118" hits="3" branch="False" />
                <line number="121" hits="72" branch="True" condition-coverage="100% (2/2)">
                  <conditions>
                    <condition number="98" type="jump" coverage="100%" />
                  </conditions>
                </line>
                <line number="122" hits="72" branch="False" />
                <line number="123" hits="72" branch="False" />
                <line number="125" hits="72" branch="False" />
                <line number="126" hits="51" branch="False" />
              </lines>
            </method>
            <method name="RegisterTlsWarningAndObservability" signature="(Microsoft.Extensions.Hosting.IHostApplicationBuilder,KubeMQ.Aspire.Client.KubeMQClientSettings,System.String,System.Boolean)" line-rate="1" branch-rate="1" complexity="1">
              <lines>
                <line number="135" hits="51" branch="False" />
                <line number="136" hits="53" branch="False" />
                <line number="137" hits="53" branch="False" />
                <line number="138" hits="53" branch="False" />
                <line number="140" hits="51" branch="False" />
                <line number="141" hits="51" branch="False" />
              </lines>
            </method>
            <method name="ApplySettings" signature="(KubeMQ.Sdk.Client.KubeMQClientOptions,KubeMQ.Aspire.Client.KubeMQClientSettings,System.String,System.Int32)" line-rate="1" branch-rate="1" complexity="28">
              <lines>
                <line number="145" hits="32" branch="False" />
                <line number="147" hits="32" branch="True" condition-coverage="100% (2/2)">
                  <conditions>
                    <condition number="56" type="jump" coverage="100%" />
                  </conditions>
                </line>
                <line number="149" hits="5" branch="False" />
                <line number="152" hits="32" branch="True" condition-coverage="100% (2/2)">
                  <conditions>
                    <condition number="76" type="jump" coverage="100%" />
                  </conditions>
                </line>
                <line number="154" hits="1" branch="False" />
                <line number="157" hits="32" branch="True" condition-coverage="100% (2/2)">
                  <conditions>
                    <condition number="104" type="jump" coverage="100%" />
                  </conditions>
                </line>
                <line number="159" hits="2" branch="False" />
                <line number="162" hits="32" branch="True" condition-coverage="100% (2/2)">
                  <conditions>
                    <condition number="140" type="jump" coverage="100%" />
                  </conditions>
                </line>
                <line number="164" hits="2" branch="False" />
                <line number="167" hits="32" branch="True" condition-coverage="100% (2/2)">
                  <conditions>
                    <condition number="168" type="jump" coverage="100%" />
                  </conditions>
                </line>
                <line number="169" hits="4" branch="False" />
                <line number="170" hits="4" branch="False" />
                <line number="171" hits="4" branch="False" />
                <line number="172" hits="4" branch="False" />
                <line number="173" hits="4" branch="False" />
                <line number="174" hits="4" branch="False" />
                <line number="175" hits="4" branch="False" />
                <line number="176" hits="4" branch="False" />
                <line number="177" hits="4" branch="False" />
                <line number="181" hits="32" branch="True" condition-coverage="100% (2/2)">
                  <conditions>
                    <condition number="262" type="jump" coverage="100%" />
                  </conditions>
                </line>
                <line number="183" hits="1" branch="False" />
                <line number="186" hits="32" branch="True" condition-coverage="100% (2/2)">
                  <conditions>
                    <condition number="298" type="jump" coverage="100%" />
                  </conditions>
                </line>
                <line number="188" hits="1" branch="False" />
                <line number="191" hits="32" branch="True" condition-coverage="100% (2/2)">
                  <conditions>
                    <condition number="334" type="jump" coverage="100%" />
                  </conditions>
                </line>
                <line number="193" hits="1" branch="False" />
                <line number="196" hits="32" branch="True" condition-coverage="100% (2/2)">
                  <conditions>
                    <condition number="370" type="jump" coverage="100%" />
                  </conditions>
                </line>
                <line number="198" hits="1" branch="False" />
                <line number="202" hits="32" branch="True" condition-coverage="100% (2/2)">
                  <conditions>
                    <condition number="406" type="jump" coverage="100%" />
                  </conditions>
                </line>
                <line number="204" hits="1" branch="False" />
                <line number="207" hits="32" branch="True" condition-coverage="100% (2/2)">
                  <conditions>
                    <condition number="447" type="jump" coverage="100%" />
                  </conditions>
                </line>
                <line number="209" hits="1" branch="False" />
                <line number="213" hits="32" branch="True" condition-coverage="100% (2/2)">
                  <conditions>
                    <condition number="488" type="jump" coverage="100%" />
                  </conditions>
                </line>
                <line number="215" hits="1" branch="False" />
                <line number="218" hits="32" branch="True" condition-coverage="100% (2/2)">
                  <conditions>
                    <condition number="529" type="jump" coverage="100%" />
                  </conditions>
                </line>
                <line number="220" hits="1" branch="False" />
                <line number="223" hits="32" branch="True" condition-coverage="100% (2/2)">
                  <conditions>
                    <condition number="570" type="jump" coverage="100%" />
                  </conditions>
                </line>
                <line number="225" hits="1" branch="False" />
                <line number="227" hits="32" branch="False" />
              </lines>
            </method>
            <method name="ConfigureObservability" signature="(Microsoft.Extensions.Hosting.IHostApplicationBuilder,KubeMQ.Aspire.Client.KubeMQClientSettings,System.String,System.Boolean)" line-rate="0.8648" branch-rate="0.7857" complexity="14">
              <lines>
                <line number="235" hits="51" branch="True" condition-coverage="100% (2/2)">
                  <conditions>
                    <condition number="26" type="jump" coverage="100%" />
                  </conditions>
                </line>
                <line number="237" hits="48" branch="False" />
                <line number="238" hits="48" branch="False" />
                <line number="239" hits="48" branch="False" />
                <line number="240" hits="48" branch="False" />
                <line number="242" hits="48" branch="False" />
                <line number="243" hits="48" branch="False" />
                <line number="244" hits="1" branch="True" condition-coverage="50% (1/2)">
                  <conditions>
                    <condition number="11" type="jump" coverage="50%" />
                  </conditions>
                </line>
                <line number="245" hits="1" branch="False" />
                <line number="246" hits="1" branch="False" />
                <line number="247" hits="1" branch="False" />
                <line number="248" hits="48" branch="False" />
                <line number="250" hits="48" branch="False" />
                <line number="251" hits="48" branch="False" />
                <line number="252" hits="0" branch="True" condition-coverage="0% (0/2)">
                  <conditions>
                    <condition number="6" type="jump" coverage="0%" />
                  </conditions>
                </line>
                <line number="253" hits="0" branch="False" />
                <line number="254" hits="0" branch="False" />
                <line number="255" hits="0" branch="False" />
                <line number="256" hits="48" branch="False" />
                <line number="258" hits="48" branch="False" />
                <line number="259" hits="48" branch="False" />
                <line number="260" hits="48" branch="False" />
                <line number="261" hits="2" branch="False" />
                <line number="262" hits="48" branch="False" />
                <line number="263" hits="48" branch="False" />
                <line number="264" hits="48" branch="False" />
                <line number="265" hits="48" branch="False" />
                <line number="266" hits="0" branch="False" />
                <line number="267" hits="48" branch="False" />
                <line number="268" hits="48" branch="False" />
                <line number="271" hits="51" branch="True" condition-coverage="100% (4/4)">
                  <conditions>
                    <condition number="307" type="jump" coverage="100%" />
                    <condition number="315" type="jump" coverage="100%" />
                  </conditions>
                </line>
                <line number="273" hits="50" branch="False" />
                <line number="274" hits="50" branch="True" condition-coverage="100% (2/2)">
                  <conditions>
                    <condition number="336" type="jump" coverage="100%" />
                  </conditions>
                </line>
                <line number="276" hits="96" branch="False" />
                <line number="279" hits="50" branch="True" condition-coverage="100% (2/2)">
                  <conditions>
                    <condition number="383" type="jump" coverage="100%" />
                  </conditions>
                </line>
                <line number="281" hits="96" branch="False" />
                <line number="284" hits="51" branch="False" />
              </lines>
            </method>
          </methods>
          <lines>
            <line number="39" hits="64" branch="False" />
            <line number="40" hits="63" branch="False" />
            <line number="42" hits="3215" branch="True" condition-coverage="100% (2/2)">
              <conditions>
                <condition number="77" type="jump" coverage="100%" />
              </conditions>
            </line>
            <line number="44" hits="1" branch="False" />
            <line number="45" hits="1" branch="False" />
            <line number="46" hits="1" branch="False" />
            <line number="49" hits="62" branch="False" />
            <line number="51" hits="62" branch="False" />
            <line number="52" hits="62" branch="False" />
            <line number="54" hits="39" branch="False" />
            <line number="55" hits="39" branch="False" />
            <line number="56" hits="20" branch="False" />
            <line number="57" hits="20" branch="True" condition-coverage="100% (2/2)">
              <conditions>
                <condition number="31" type="jump" coverage="100%" />
              </conditions>
            </line>
            <line number="58" hits="50" branch="False" />
            <line number="60" hits="39" branch="False" />
            <line number="61" hits="39" branch="False" />
            <line number="81" hits="16" branch="False" />
            <line number="82" hits="15" branch="False" />
            <line number="84" hits="13" branch="False" />
            <line number="85" hits="13" branch="False" />
            <line number="87" hits="12" branch="False" />
            <line number="88" hits="12" branch="False" />
            <line number="89" hits="12" branch="True" condition-coverage="100% (2/2)">
              <conditions>
                <condition number="85" type="jump" coverage="100%" />
              </conditions>
            </line>
            <line number="94" hits="12" branch="False" />
            <line number="96" hits="17" branch="False" />
            <line number="97" hits="12" branch="False" />
            <line number="98" hits="12" branch="False" />
            <line number="100" hits="12" branch="False" />
            <line number="101" hits="12" branch="False" />
            <line number="109" hits="75" branch="False" />
            <line number="110" hits="75" branch="False" />
            <line number="111" hits="75" branch="True" condition-coverage="100% (2/2)">
              <conditions>
                <condition number="25" type="jump" coverage="100%" />
              </conditions>
            </line>
            <line number="113" hits="75" branch="True" condition-coverage="100% (4/4)">
              <conditions>
                <condition number="40" type="jump" coverage="100%" />
                <condition number="58" type="jump" coverage="100%" />
              </conditions>
            </line>
            <line number="115" hits="3" branch="False" />
            <line number="116" hits="3" branch="False" />
            <line number="117" hits="3" branch="False" />
            <line number="118" hits="3" branch="False" />
            <line number="121" hits="72" branch="True" condition-coverage="100% (2/2)">
              <conditions>
                <condition number="98" type="jump" coverage="100%" />
              </conditions>
            </line>
            <line number="122" hits="72" branch="False" />
            <line number="123" hits="72" branch="False" />
            <line number="125" hits="72" branch="False" />
            <line number="126" hits="51" branch="False" />
            <line number="135" hits="51" branch="False" />
            <line number="136" hits="53" branch="False" />
            <line number="137" hits="53" branch="False" />
            <line number="138" hits="53" branch="False" />
            <line number="140" hits="51" branch="False" />
            <line number="141" hits="51" branch="False" />
            <line number="145" hits="32" branch="False" />
            <line number="147" hits="32" branch="True" condition-coverage="100% (2/2)">
              <conditions>
                <condition number="56" type="jump" coverage="100%" />
              </conditions>
            </line>
            <line number="149" hits="5" branch="False" />
            <line number="152" hits="32" branch="True" condition-coverage="100% (2/2)">
              <conditions>
                <condition number="76" type="jump" coverage="100%" />
              </conditions>
            </line>
            <line number="154" hits="1" branch="False" />
            <line number="157" hits="32" branch="True" condition-coverage="100% (2/2)">
              <conditions>
                <condition number="104" type="jump" coverage="100%" />
              </conditions>
            </line>
            <line number="159" hits="2" branch="False" />
            <line number="162" hits="32" branch="True" condition-coverage="100% (2/2)">
              <conditions>
                <condition number="140" type="jump" coverage="100%" />
              </conditions>
            </line>
            <line number="164" hits="2" branch="False" />
            <line number="167" hits="32" branch="True" condition-coverage="100% (2/2)">
              <conditions>
                <condition number="168" type="jump" coverage="100%" />
              </conditions>
            </line>
            <line number="169" hits="4" branch="False" />
            <line number="170" hits="4" branch="False" />
            <line number="171" hits="4" branch="False" />
            <line number="172" hits="4" branch="False" />
            <line number="173" hits="4" branch="False" />
            <line number="174" hits="4" branch="False" />
            <line number="175" hits="4" branch="False" />
            <line number="176" hits="4" branch="False" />
            <line number="177" hits="4" branch="False" />
            <line number="181" hits="32" branch="True" condition-coverage="100% (2/2)">
              <conditions>
                <condition number="262" type="jump" coverage="100%" />
              </conditions>
            </line>
            <line number="183" hits="1" branch="False" />
            <line number="186" hits="32" branch="True" condition-coverage="100% (2/2)">
              <conditions>
                <condition number="298" type="jump" coverage="100%" />
              </conditions>
            </line>
            <line number="188" hits="1" branch="False" />
            <line number="191" hits="32" branch="True" condition-coverage="100% (2/2)">
              <conditions>
                <condition number="334" type="jump" coverage="100%" />
              </conditions>
            </line>
            <line number="193" hits="1" branch="False" />
            <line number="196" hits="32" branch="True" condition-coverage="100% (2/2)">
              <conditions>
                <condition number="370" type="jump" coverage="100%" />
              </conditions>
            </line>
            <line number="198" hits="1" branch="False" />
            <line number="202" hits="32" branch="True" condition-coverage="100% (2/2)">
              <conditions>
                <condition number="406" type="jump" coverage="100%" />
              </conditions>
            </line>
            <line number="204" hits="1" branch="False" />
            <line number="207" hits="32" branch="True" condition-coverage="100% (2/2)">
              <conditions>
                <condition number="447" type="jump" coverage="100%" />
              </conditions>
            </line>
            <line number="209" hits="1" branch="False" />
            <line number="213" hits="32" branch="True" condition-coverage="100% (2/2)">
              <conditions>
                <condition number="488" type="jump" coverage="100%" />
              </conditions>
            </line>
            <line number="215" hits="1" branch="False" />
            <line number="218" hits="32" branch="True" condition-coverage="100% (2/2)">
              <conditions>
                <condition number="529" type="jump" coverage="100%" />
              </conditions>
            </line>
            <line number="220" hits="1" branch="False" />
            <line number="223" hits="32" branch="True" condition-coverage="100% (2/2)">
              <conditions>
                <condition number="570" type="jump" coverage="100%" />
              </conditions>
            </line>
            <line number="225" hits="1" branch="False" />
            <line number="227" hits="32" branch="False" />
            <line number="235" hits="51" branch="True" condition-coverage="100% (2/2)">
              <conditions>
                <condition number="26" type="jump" coverage="100%" />
              </conditions>
            </line>
            <line number="237" hits="48" branch="False" />
            <line number="238" hits="48" branch="False" />
            <line number="239" hits="48" branch="False" />
            <line number="240" hits="48" branch="False" />
            <line number="242" hits="48" branch="False" />
            <line number="243" hits="48" branch="False" />
            <line number="244" hits="1" branch="True" condition-coverage="50% (1/2)">
              <conditions>
                <condition number="11" type="jump" coverage="50%" />
              </conditions>
            </line>
            <line number="245" hits="1" branch="False" />
            <line number="246" hits="1" branch="False" />
            <line number="247" hits="1" branch="False" />
            <line number="248" hits="48" branch="False" />
            <line number="250" hits="48" branch="False" />
            <line number="251" hits="48" branch="False" />
            <line number="252" hits="0" branch="True" condition-coverage="0% (0/2)">
              <conditions>
                <condition number="6" type="jump" coverage="0%" />
              </conditions>
            </line>
            <line number="253" hits="0" branch="False" />
            <line number="254" hits="0" branch="False" />
            <line number="255" hits="0" branch="False" />
            <line number="256" hits="48" branch="False" />
            <line number="258" hits="48" branch="False" />
            <line number="259" hits="48" branch="False" />
            <line number="260" hits="48" branch="False" />
            <line number="261" hits="2" branch="False" />
            <line number="262" hits="48" branch="False" />
            <line number="263" hits="48" branch="False" />
            <line number="264" hits="48" branch="False" />
            <line number="265" hits="48" branch="False" />
            <line number="266" hits="0" branch="False" />
            <line number="267" hits="48" branch="False" />
            <line number="268" hits="48" branch="False" />
            <line number="271" hits="51" branch="True" condition-coverage="100% (4/4)">
              <conditions>
                <condition number="307" type="jump" coverage="100%" />
                <condition number="315" type="jump" coverage="100%" />
              </conditions>
            </line>
            <line number="273" hits="50" branch="False" />
            <line number="274" hits="50" branch="True" condition-coverage="100% (2/2)">
              <conditions>
                <condition number="336" type="jump" coverage="100%" />
              </conditions>
            </line>
            <line number="276" hits="96" branch="False" />
            <line number="279" hits="50" branch="True" condition-coverage="100% (2/2)">
              <conditions>
                <condition number="383" type="jump" coverage="100%" />
              </conditions>
            </line>
            <line number="281" hits="96" branch="False" />
            <line number="284" hits="51" branch="False" />
          </lines>
        </class>
        <class name="KubeMQ.Aspire.Client.ConnectionStringParser" filename="ConnectionStringParser.cs" line-rate="1" branch-rate="1" complexity="20">
          <methods>
            <method name="Parse" signature="(System.String,System.String)" line-rate="1" branch-rate="1" complexity="20">
              <lines>
                <line number="7" hits="72" branch="True" condition-coverage="100% (2/2)">
                  <conditions>
                    <condition number="6" type="jump" coverage="100%" />
                  </conditions>
                </line>
                <line number="9" hits="4" branch="False" />
                <line number="10" hits="4" branch="False" />
                <line number="13" hits="68" branch="False" />
                <line number="15" hits="68" branch="True" condition-coverage="100% (2/2)">
                  <conditions>
                    <condition number="50" type="jump" coverage="100%" />
                  </conditions>
                </line>
                <line number="17" hits="5" branch="False" />
                <line number="18" hits="5" branch="False" />
                <line number="24" hits="63" branch="True" condition-coverage="100% (2/2)">
                  <conditions>
                    <condition number="82" type="jump" coverage="100%" />
                  </conditions>
                </line>
                <line number="26" hits="3" branch="False" />
                <line number="27" hits="3" branch="True" condition-coverage="100% (2/2)">
                  <conditions>
                    <condition number="99" type="jump" coverage="100%" />
                  </conditions>
                </line>
                <line number="29" hits="1" branch="False" />
                <line number="30" hits="1" branch="False" />
                <line number="33" hits="2" branch="False" />
                <line number="34" hits="2" branch="False" />
                <line number="38" hits="60" branch="False" />
                <line number="39" hits="60" branch="True" condition-coverage="100% (2/2)">
                  <conditions>
                    <condition number="177" type="jump" coverage="100%" />
                  </conditions>
                </line>
                <line number="41" hits="2" branch="False" />
                <line number="42" hits="2" branch="False" />
                <line number="45" hits="58" branch="False" />
                <line number="46" hits="58" branch="False" />
                <line number="48" hits="58" branch="True" condition-coverage="100% (2/2)">
                  <conditions>
                    <condition number="248" type="jump" coverage="100%" />
                  </conditions>
                </line>
                <line number="50" hits="1" branch="False" />
                <line number="51" hits="1" branch="False" />
                <line number="52" hits="1" branch="False" />
                <line number="56" hits="59" branch="True" condition-coverage="100% (2/2)">
                  <conditions>
                    <condition number="278" type="jump" coverage="100%" />
                  </conditions>
                </line>
                <line number="58" hits="4" branch="False" />
                <line number="59" hits="4" branch="False" />
                <line number="62" hits="55" branch="True" condition-coverage="100% (6/6)">
                  <conditions>
                    <condition number="310" type="jump" coverage="100%" />
                    <condition number="314" type="jump" coverage="100%" />
                    <condition number="322" type="jump" coverage="100%" />
                  </conditions>
                </line>
                <line number="64" hits="4" branch="False" />
                <line number="65" hits="4" branch="False" />
                <line number="68" hits="51" branch="False" />
              </lines>
            </method>
          </methods>
          <lines>
            <line number="7" hits="72" branch="True" condition-coverage="100% (2/2)">
              <conditions>
                <condition number="6" type="jump" coverage="100%" />
              </conditions>
            </line>
            <line number="9" hits="4" branch="False" />
            <line number="10" hits="4" branch="False" />
            <line number="13" hits="68" branch="False" />
            <line number="15" hits="68" branch="True" condition-coverage="100% (2/2)">
              <conditions>
                <condition number="50" type="jump" coverage="100%" />
              </conditions>
            </line>
            <line number="17" hits="5" branch="False" />
            <line number="18" hits="5" branch="False" />
            <line number="24" hits="63" branch="True" condition-coverage="100% (2/2)">
              <conditions>
                <condition number="82" type="jump" coverage="100%" />
              </conditions>
            </line>
            <line number="26" hits="3" branch="False" />
            <line number="27" hits="3" branch="True" condition-coverage="100% (2/2)">
              <conditions>
                <condition number="99" type="jump" coverage="100%" />
              </conditions>
            </line>
            <line number="29" hits="1" branch="False" />
            <line number="30" hits="1" branch="False" />
            <line number="33" hits="2" branch="False" />
            <line number="34" hits="2" branch="False" />
            <line number="38" hits="60" branch="False" />
            <line number="39" hits="60" branch="True" condition-coverage="100% (2/2)">
              <conditions>
                <condition number="177" type="jump" coverage="100%" />
              </conditions>
            </line>
            <line number="41" hits="2" branch="False" />
            <line number="42" hits="2" branch="False" />
            <line number="45" hits="58" branch="False" />
            <line number="46" hits="58" branch="False" />
            <line number="48" hits="58" branch="True" condition-coverage="100% (2/2)">
              <conditions>
                <condition number="248" type="jump" coverage="100%" />
              </conditions>
            </line>
            <line number="50" hits="1" branch="False" />
            <line number="51" hits="1" branch="False" />
            <line number="52" hits="1" branch="False" />
            <line number="56" hits="59" branch="True" condition-coverage="100% (2/2)">
              <conditions>
                <condition number="278" type="jump" coverage="100%" />
              </conditions>
            </line>
            <line number="58" hits="4" branch="False" />
            <line number="59" hits="4" branch="False" />
            <line number="62" hits="55" branch="True" condition-coverage="100% (6/6)">
              <conditions>
                <condition number="310" type="jump" coverage="100%" />
                <condition number="314" type="jump" coverage="100%" />
                <condition number="322" type="jump" coverage="100%" />
              </conditions>
            </line>
            <line number="64" hits="4" branch="False" />
            <line number="65" hits="4" branch="False" />
            <line number="68" hits="51" branch="False" />
          </lines>
        </class>
        <class name="KubeMQ.Aspire.Client.KubeMQClientSettings" filename="KubeMQClientSettings.cs" line-rate="1" branch-rate="1" complexity="24">
          <methods>
            <method name="get_ConnectionString" signature="()" line-rate="1" branch-rate="1" complexity="1">
              <lines>
                <line number="10" hits="95" branch="False" />
              </lines>
            </method>
            <method name="get_DisableHealthChecks" signature="()" line-rate="1" branch-rate="1" complexity="1">
              <lines>
                <line number="12" hits="147" branch="False" />
              </lines>
            </method>
            <method name="get_DisableTracing" signature="()" line-rate="1" branch-rate="1" complexity="1">
              <lines>
                <line number="14" hits="122" branch="False" />
              </lines>
            </method>
            <method name="get_DisableMetrics" signature="()" line-rate="1" branch-rate="1" complexity="1">
              <lines>
                <line number="16" hits="74" branch="False" />
              </lines>
            </method>
            <method name="get_HealthCheckTimeout" signature="()" line-rate="1" branch-rate="1" complexity="1">
              <lines>
                <line number="18" hits="222" branch="False" />
              </lines>
            </method>
            <method name="get_AuthToken" signature="()" line-rate="1" branch-rate="1" complexity="1">
              <lines>
                <line number="20" hits="56" branch="False" />
              </lines>
            </method>
            <method name="get_ClientId" signature="()" line-rate="1" branch-rate="1" complexity="1">
              <lines>
                <line number="22" hits="52" branch="False" />
              </lines>
            </method>
            <method name="get_DefaultTimeout" signature="()" line-rate="1" branch-rate="1" complexity="1">
              <lines>
                <line number="24" hits="54" branch="False" />
              </lines>
            </method>
            <method name="get_ConnectionTimeout" signature="()" line-rate="1" branch-rate="1" complexity="1">
              <lines>
                <line number="26" hits="54" branch="False" />
              </lines>
            </method>
            <method name="get_UseTls" signature="()" line-rate="1" branch-rate="1" complexity="1">
              <lines>
                <line number="28" hits="60" branch="False" />
              </lines>
            </method>
            <method name="get_TlsCertFile" signature="()" line-rate="1" branch-rate="1" complexity="1">
              <lines>
                <line number="33" hits="24" branch="False" />
              </lines>
            </method>
            <method name="get_TlsKeyFile" signature="()" line-rate="1" branch-rate="1" complexity="1">
              <lines>
                <line number="35" hits="23" branch="False" />
              </lines>
            </method>
            <method name="get_TlsCaFile" signature="()" line-rate="1" branch-rate="1" complexity="1">
              <lines>
                <line number="37" hits="23" branch="False" />
              </lines>
            </method>
            <method name="get_TlsServerNameOverride" signature="()" line-rate="1" branch-rate="1" complexity="1">
              <lines>
                <line number="39" hits="23" branch="False" />
              </lines>
            </method>
            <method name="get_TlsInsecureSkipVerify" signature="()" line-rate="1" branch-rate="1" complexity="1">
              <lines>
                <line number="41" hits="23" branch="False" />
              </lines>
            </method>
            <method name="get_GrpcChannelCount" signature="()" line-rate="1" branch-rate="1" complexity="1">
              <lines>
                <line number="46" hits="52" branch="False" />
              </lines>
            </method>
            <method name="get_MaxSendSize" signature="()" line-rate="1" branch-rate="1" complexity="1">
              <lines>
                <line number="48" hits="52" branch="False" />
              </lines>
            </method>
            <method name="get_MaxReceiveSize" signature="()" line-rate="1" branch-rate="1" complexity="1">
              <lines>
                <line number="50" hits="52" branch="False" />
              </lines>
            </method>
            <method name="get_WaitForReady" signature="()" line-rate="1" branch-rate="1" complexity="1">
              <lines>
                <line number="52" hits="52" branch="False" />
              </lines>
            </method>
            <method name="get_KeepalivePingInterval" signature="()" line-rate="1" branch-rate="1" complexity="1">
              <lines>
                <line number="57" hits="52" branch="False" />
              </lines>
            </method>
            <method name="get_KeepalivePingTimeout" signature="()" line-rate="1" branch-rate="1" complexity="1">
              <lines>
                <line number="59" hits="52" branch="False" />
              </lines>
            </method>
            <method name="get_ReconnectEnabled" signature="()" line-rate="1" branch-rate="1" complexity="1">
              <lines>
                <line number="64" hits="52" branch="False" />
              </lines>
            </method>
            <method name="get_ReconnectMaxAttempts" signature="()" line-rate="1" branch-rate="1" complexity="1">
              <lines>
                <line number="66" hits="52" branch="False" />
              </lines>
            </method>
            <method name="get_ReconnectTimeout" signature="()" line-rate="1" branch-rate="1" complexity="1">
              <lines>
                <line number="68" hits="52" branch="False" />
              </lines>
            </method>
          </methods>
          <lines>
            <line number="10" hits="95" branch="False" />
            <line number="12" hits="147" branch="False" />
            <line number="14" hits="122" branch="False" />
            <line number="16" hits="74" branch="False" />
            <line number="18" hits="222" branch="False" />
            <line number="20" hits="56" branch="False" />
            <line number="22" hits="52" branch="False" />
            <line number="24" hits="54" branch="False" />
            <line number="26" hits="54" branch="False" />
            <line number="28" hits="60" branch="False" />
            <line number="33" hits="24" branch="False" />
            <line number="35" hits="23" branch="False" />
            <line number="37" hits="23" branch="False" />
            <line number="39" hits="23" branch="False" />
            <line number="41" hits="23" branch="False" />
            <line number="46" hits="52" branch="False" />
            <line number="48" hits="52" branch="False" />
            <line number="50" hits="52" branch="False" />
            <line number="52" hits="52" branch="False" />
            <line number="57" hits="52" branch="False" />
            <line number="59" hits="52" branch="False" />
            <line number="64" hits="52" branch="False" />
            <line number="66" hits="52" branch="False" />
            <line number="68" hits="52" branch="False" />
          </lines>
        </class>
        <class name="KubeMQ.Aspire.Client.KubeMQConfigurationException" filename="KubeMQConfigurationException.cs" line-rate="1" branch-rate="1" complexity="2">
          <methods>
            <method name=".ctor" signature="(System.String)" line-rate="1" branch-rate="1" complexity="1">
              <lines>
                <line number="11" hits="44" branch="False" />
              </lines>
            </method>
            <method name=".ctor" signature="(System.String,System.Exception)" line-rate="1" branch-rate="1" complexity="1">
              <lines>
                <line number="16" hits="2" branch="False" />
              </lines>
            </method>
          </methods>
          <lines>
            <line number="11" hits="44" branch="False" />
            <line number="16" hits="2" branch="False" />
          </lines>
        </class>
        <class name="KubeMQ.Aspire.Client.KubeMQHealthCheck" filename="KubeMQHealthCheck.cs" line-rate="1" branch-rate="1" complexity="2">
          <methods>
            <method name=".ctor" signature="(KubeMQ.Sdk.Client.IKubeMQClient,System.TimeSpan)" line-rate="1" branch-rate="1" complexity="2">
              <lines>
                <line number="19" hits="13" branch="False" />
                <line number="21" hits="13" branch="True" condition-coverage="100% (2/2)">
                  <conditions>
                    <condition number="9" type="jump" coverage="100%" />
                  </conditions>
                </line>
                <line number="22" hits="12" branch="False" />
                <line number="23" hits="12" branch="False" />
              </lines>
            </method>
          </methods>
          <lines>
            <line number="19" hits="13" branch="False" />
            <line number="21" hits="13" branch="True" condition-coverage="100% (2/2)">
              <conditions>
                <condition number="9" type="jump" coverage="100%" />
              </conditions>
            </line>
            <line number="22" hits="12" branch="False" />
            <line number="23" hits="12" branch="False" />
          </lines>
        </class>
        <class name="KubeMQ.Aspire.Client.KubeMQHealthCheck/&lt;CheckHealthAsync&gt;d__3" filename="KubeMQHealthCheck.cs" line-rate="1" branch-rate="1" complexity="6">
          <methods>
            <method name="MoveNext" signature="()" line-rate="1" branch-rate="1" complexity="6">
              <lines>
                <line number="30" hits="12" branch="True" condition-coverage="100% (6/6)">
                  <conditions>
                    <condition number="30" type="switch" coverage="100%" />
                  </conditions>
                </line>
                <line number="37" hits="3" branch="False" />
                <line number="38" hits="3" branch="False" />
                <line number="40" hits="3" branch="False" />
                <line number="42" hits="1" branch="False" />
                <line number="43" hits="1" branch="False" />
                <line number="44" hits="1" branch="False" />
                <line number="45" hits="1" branch="False" />
                <line number="46" hits="1" branch="False" />
                <line number="47" hits="1" branch="False" />
                <line number="48" hits="1" branch="False" />
                <line number="49" hits="1" branch="False" />
                <line number="51" hits="2" branch="False" />
                <line number="53" hits="2" branch="False" />
                <line number="54" hits="2" branch="False" />
                <line number="55" hits="2" branch="False" />
                <line number="59" hits="2" branch="False" />
                <line number="62" hits="2" branch="False" />
                <line number="65" hits="2" branch="False" />
                <line number="68" hits="2" branch="False" />
                <line number="71" hits="1" branch="False" />
                <line number="73" hits="12" branch="False" />
              </lines>
            </method>
          </methods>
          <lines>
            <line number="30" hits="12" branch="True" condition-coverage="100% (6/6)">
              <conditions>
                <condition number="30" type="switch" coverage="100%" />
              </conditions>
            </line>
            <line number="37" hits="3" branch="False" />
            <line number="38" hits="3" branch="False" />
            <line number="40" hits="3" branch="False" />
            <line number="42" hits="1" branch="False" />
            <line number="43" hits="1" branch="False" />
            <line number="44" hits="1" branch="False" />
            <line number="45" hits="1" branch="False" />
            <line number="46" hits="1" branch="False" />
            <line number="47" hits="1" branch="False" />
            <line number="48" hits="1" branch="False" />
            <line number="49" hits="1" branch="False" />
            <line number="51" hits="2" branch="False" />
            <line number="53" hits="2" branch="False" />
            <line number="54" hits="2" branch="False" />
            <line number="55" hits="2" branch="False" />
            <line number="59" hits="2" branch="False" />
            <line number="62" hits="2" branch="False" />
            <line number="65" hits="2" branch="False" />
            <line number="68" hits="2" branch="False" />
            <line number="71" hits="1" branch="False" />
            <line number="73" hits="12" branch="False" />
          </lines>
        </class>
        <class name="KubeMQ.Aspire.Client.KubeMQKeyedHostedService" filename="KubeMQKeyedHostedService.cs" line-rate="1" branch-rate="1" complexity="2">
          <methods>
            <method name="StartAsync" signature="(System.Threading.CancellationToken)" line-rate="1" branch-rate="1" complexity="1">
              <lines>
                <line number="13" hits="1" branch="False" />
              </lines>
            </method>
            <method name=".ctor" signature="(KubeMQ.Sdk.Client.IKubeMQClient)" line-rate="1" branch-rate="1" complexity="1">
              <lines>
                <line number="10" hits="4" branch="False" />
              </lines>
            </method>
          </methods>
          <lines>
            <line number="13" hits="1" branch="False" />
            <line number="10" hits="4" branch="False" />
          </lines>
        </class>
        <class name="KubeMQ.Aspire.Client.KubeMQKeyedHostedService/&lt;StopAsync&gt;d__3" filename="KubeMQKeyedHostedService.cs" line-rate="1" branch-rate="1" complexity="1">
          <methods>
            <method name="MoveNext" signature="()" line-rate="1" branch-rate="1" complexity="1">
              <lines>
                <line number="16" hits="1" branch="False" />
              </lines>
            </method>
          </methods>
          <lines>
            <line number="16" hits="1" branch="False" />
          </lines>
        </class>
        <class name="KubeMQ.Aspire.Client.KubeMQLivenessHealthCheck" filename="KubeMQLivenessHealthCheck.cs" line-rate="1" branch-rate="1" complexity="5">
          <methods>
            <method name="CheckHealthAsync" signature="(Microsoft.Extensions.Diagnostics.HealthChecks.HealthCheckContext,System.Threading.CancellationToken)" line-rate="1" branch-rate="1" complexity="4">
              <lines>
                <line number="29" hits="5" branch="False" />
                <line number="30" hits="5" branch="True" condition-coverage="100% (4/4)">
                  <conditions>
                    <condition number="14" type="jump" coverage="100%" />
                    <condition number="18" type="jump" coverage="100%" />
                  </conditions>
                </line>
                <line number="31" hits="5" branch="False" />
                <line number="32" hits="1" branch="False" />
                <line number="33" hits="1" branch="False" />
                <line number="34" hits="3" branch="False" />
                <line number="35" hits="5" branch="False" />
                <line number="36" hits="5" branch="False" />
              </lines>
            </method>
            <method name=".ctor" signature="(KubeMQ.Sdk.Client.IKubeMQClient)" line-rate="1" branch-rate="1" complexity="1">
              <lines>
                <line number="18" hits="6" branch="False" />
                <line number="20" hits="6" branch="False" />
                <line number="21" hits="5" branch="False" />
                <line number="22" hits="5" branch="False" />
              </lines>
            </method>
          </methods>
          <lines>
            <line number="29" hits="5" branch="False" />
            <line number="30" hits="5" branch="True" condition-coverage="100% (4/4)">
              <conditions>
                <condition number="14" type="jump" coverage="100%" />
                <condition number="18" type="jump" coverage="100%" />
              </conditions>
            </line>
            <line number="31" hits="5" branch="False" />
            <line number="32" hits="1" branch="False" />
            <line number="33" hits="1" branch="False" />
            <line number="34" hits="3" branch="False" />
            <line number="35" hits="5" branch="False" />
            <line number="36" hits="5" branch="False" />
            <line number="18" hits="6" branch="False" />
            <line number="20" hits="6" branch="False" />
            <line number="21" hits="5" branch="False" />
            <line number="22" hits="5" branch="False" />
          </lines>
        </class>
        <class name="KubeMQ.Aspire.Client.KubeMQReadinessHealthCheck" filename="KubeMQReadinessHealthCheck.cs" line-rate="1" branch-rate="1" complexity="2">
          <methods>
            <method name=".ctor" signature="(KubeMQ.Sdk.Client.IKubeMQClient,System.TimeSpan)" line-rate="1" branch-rate="1" complexity="2">
              <lines>
                <line number="19" hits="18" branch="False" />
                <line number="21" hits="18" branch="False" />
                <line number="22" hits="17" branch="False" />
                <line number="23" hits="17" branch="True" condition-coverage="100% (2/2)">
                  <conditions>
                    <condition number="35" type="jump" coverage="100%" />
                  </conditions>
                </line>
                <line number="25" hits="2" branch="False" />
                <line number="26" hits="2" branch="False" />
                <line number="29" hits="15" branch="False" />
                <line number="30" hits="15" branch="False" />
              </lines>
            </method>
          </methods>
          <lines>
            <line number="19" hits="18" branch="False" />
            <line number="21" hits="18" branch="False" />
            <line number="22" hits="17" branch="False" />
            <line number="23" hits="17" branch="True" condition-coverage="100% (2/2)">
              <conditions>
                <condition number="35" type="jump" coverage="100%" />
              </conditions>
            </line>
            <line number="25" hits="2" branch="False" />
            <line number="26" hits="2" branch="False" />
            <line number="29" hits="15" branch="False" />
            <line number="30" hits="15" branch="False" />
          </lines>
        </class>
        <class name="KubeMQ.Aspire.Client.KubeMQReadinessHealthCheck/&lt;CheckHealthAsync&gt;d__3" filename="KubeMQReadinessHealthCheck.cs" line-rate="1" branch-rate="1" complexity="6">
          <methods>
            <method name="MoveNext" signature="()" line-rate="1" branch-rate="1" complexity="6">
              <lines>
                <line number="37" hits="14" branch="True" condition-coverage="100% (6/6)">
                  <conditions>
                    <condition number="30" type="switch" coverage="100%" />
                  </conditions>
                </line>
                <line number="44" hits="5" branch="False" />
                <line number="45" hits="5" branch="False" />
                <line number="47" hits="5" branch="False" />
                <line number="49" hits="1" branch="False" />
                <line number="51" hits="2" branch="False" />
                <line number="53" hits="1" branch="False" />
                <line number="55" hits="1" branch="False" />
                <line number="57" hits="1" branch="False" />
                <line number="59" hits="2" branch="False" />
                <line number="61" hits="2" branch="False" />
                <line number="62" hits="2" branch="False" />
                <line number="66" hits="2" branch="False" />
                <line number="69" hits="2" branch="False" />
                <line number="72" hits="2" branch="False" />
                <line number="75" hits="2" branch="False" />
                <line number="78" hits="1" branch="False" />
                <line number="80" hits="13" branch="False" />
              </lines>
            </method>
          </methods>
          <lines>
            <line number="37" hits="14" branch="True" condition-coverage="100% (6/6)">
              <conditions>
                <condition number="30" type="switch" coverage="100%" />
              </conditions>
            </line>
            <line number="44" hits="5" branch="False" />
            <line number="45" hits="5" branch="False" />
            <line number="47" hits="5" branch="False" />
            <line number="49" hits="1" branch="False" />
            <line number="51" hits="2" branch="False" />
            <line number="53" hits="1" branch="False" />
            <line number="55" hits="1" branch="False" />
            <line number="57" hits="1" branch="False" />
            <line number="59" hits="2" branch="False" />
            <line number="61" hits="2" branch="False" />
            <line number="62" hits="2" branch="False" />
            <line number="66" hits="2" branch="False" />
            <line number="69" hits="2" branch="False" />
            <line number="72" hits="2" branch="False" />
            <line number="75" hits="2" branch="False" />
            <line number="78" hits="1" branch="False" />
            <line number="80" hits="13" branch="False" />
          </lines>
        </class>
        <class name="KubeMQ.Aspire.Client.KubeMQTlsWarningHostedService" filename="KubeMQTlsWarningHostedService.cs" line-rate="1" branch-rate="1" complexity="6">
          <methods>
            <method name="StartAsync" signature="(System.Threading.CancellationToken)" line-rate="1" branch-rate="1" complexity="4">
              <lines>
                <line number="27" hits="3" branch="True" condition-coverage="100% (2/2)">
                  <conditions>
                    <condition number="6" type="jump" coverage="100%" />
                  </conditions>
                </line>
                <line number="29" hits="2" branch="False" />
                <line number="30" hits="2" branch="False" />
                <line number="31" hits="2" branch="False" />
                <line number="32" hits="2" branch="False" />
                <line number="34" hits="2" branch="True" condition-coverage="100% (2/2)">
                  <conditions>
                    <condition number="45" type="jump" coverage="100%" />
                  </conditions>
                </line>
                <line number="36" hits="1" branch="False" />
                <line number="37" hits="1" branch="False" />
                <line number="38" hits="1" branch="False" />
                <line number="39" hits="1" branch="False" />
                <line number="43" hits="3" branch="False" />
              </lines>
            </method>
            <method name="StopAsync" signature="(System.Threading.CancellationToken)" line-rate="1" branch-rate="1" complexity="1">
              <lines>
                <line number="46" hits="1" branch="False" />
              </lines>
            </method>
            <method name=".ctor" signature="(System.String,System.Boolean,System.Boolean,Microsoft.Extensions.Logging.ILoggerFactory)" line-rate="1" branch-rate="1" complexity="1">
              <lines>
                <line number="17" hits="6" branch="False" />
                <line number="19" hits="6" branch="False" />
                <line number="20" hits="6" branch="False" />
                <line number="21" hits="6" branch="False" />
                <line number="22" hits="6" branch="False" />
                <line number="23" hits="6" branch="False" />
              </lines>
            </method>
          </methods>
          <lines>
            <line number="27" hits="3" branch="True" condition-coverage="100% (2/2)">
              <conditions>
                <condition number="6" type="jump" coverage="100%" />
              </conditions>
            </line>
            <line number="29" hits="2" branch="False" />
            <line number="30" hits="2" branch="False" />
            <line number="31" hits="2" branch="False" />
            <line number="32" hits="2" branch="False" />
            <line number="34" hits="2" branch="True" condition-coverage="100% (2/2)">
              <conditions>
                <condition number="45" type="jump" coverage="100%" />
              </conditions>
            </line>
            <line number="36" hits="1" branch="False" />
            <line number="37" hits="1" branch="False" />
            <line number="38" hits="1" branch="False" />
            <line number="39" hits="1" branch="False" />
            <line number="43" hits="3" branch="False" />
            <line number="46" hits="1" branch="False" />
            <line number="17" hits="6" branch="False" />
            <line number="19" hits="6" branch="False" />
            <line number="20" hits="6" branch="False" />
            <line number="21" hits="6" branch="False" />
            <line number="22" hits="6" branch="False" />
            <line number="23" hits="6" branch="False" />
          </lines>
        </class>
      </classes>
    </package>
  </packages>
</coverage>