<?xml version="1.0" encoding="utf-8"?>
<coverage line-rate="1" branch-rate="0.75" version="1.9" timestamp="1775756761" lines-covered="25" lines-valid="25" branches-covered="3" branches-valid="4">
  <sources>
    <source>/Users/liornabat/development/projects/kubemq/clients/kubemq-aspire/src/KubeMQ.Aspire.Hosting/</source>
  </sources>
  <packages>
    <package name="KubeMQ.Aspire.Hosting" line-rate="1" branch-rate="0.75" complexity="9">
      <classes>
        <class name="Aspire.Hosting.KubeMQHostingExtensions" filename="KubeMQHostingExtensions.cs" line-rate="1" branch-rate="0.5" complexity="5">
          <methods>
            <method name="AddKubeMQ" signature="(Aspire.Hosting.IDistributedApplicationBuilder,System.String,System.Nullable`1&lt;System.Int32&gt;)" line-rate="1" branch-rate="1" complexity="1">
              <lines>
                <line number="23" hits="14" branch="False" />
                <line number="24" hits="13" branch="False" />
                <line number="26" hits="11" branch="False" />
                <line number="28" hits="11" branch="False" />
                <line number="29" hits="11" branch="False" />
                <line number="30" hits="11" branch="False" />
                <line number="31" hits="11" branch="False" />
                <line number="32" hits="11" branch="False" />
                <line number="33" hits="11" branch="False" />
                <line number="34" hits="11" branch="False" />
              </lines>
            </method>
            <method name="WithLicenseKey" signature="(Aspire.Hosting.ApplicationModel.IResourceBuilder`1&lt;KubeMQ.Aspire.Hosting.KubeMQServerResource&gt;,Aspire.Hosting.ApplicationModel.IResourceBuilder`1&lt;Aspire.Hosting.ApplicationModel.ParameterResource&gt;)" line-rate="1" branch-rate="1" complexity="1">
              <lines>
                <line number="42" hits="2" branch="False" />
                <line number="43" hits="1" branch="False" />
                <line number="45" hits="1" branch="False" />
              </lines>
            </method>
            <method name="WithDataVolume" signature="(Aspire.Hosting.ApplicationModel.IResourceBuilder`1&lt;KubeMQ.Aspire.Hosting.KubeMQServerResource&gt;,System.String)" line-rate="1" branch-rate="0.5" complexity="2">
              <lines>
                <line number="53" hits="3" branch="False" />
                <line number="55" hits="3" branch="True" condition-coverage="50% (1/2)">
                  <conditions>
                    <condition number="17" type="jump" coverage="50%" />
                  </conditions>
                </line>
                <line number="56" hits="3" branch="False" />
                <line number="57" hits="3" branch="False" />
                <line number="58" hits="3" branch="False" />
              </lines>
            </method>
            <method name="WithImageTag" signature="(Aspire.Hosting.ApplicationModel.IResourceBuilder`1&lt;KubeMQ.Aspire.Hosting.KubeMQServerResource&gt;,System.String)" line-rate="1" branch-rate="1" complexity="1">
              <lines>
                <line number="66" hits="4" branch="False" />
                <line number="67" hits="3" branch="False" />
                <line number="69" hits="1" branch="False" />
              </lines>
            </method>
          </methods>
          <lines>
            <line number="23" hits="14" branch="False" />
            <line number="24" hits="13" branch="False" />
            <line number="26" hits="11" branch="False" />
            <line number="28" hits="11" branch="False" />
            <line number="29" hits="11" branch="False" />
            <line number="30" hits="11" branch="False" />
            <line number="31" hits="11" branch="False" />
            <line number="32" hits="11" branch="False" />
            <line number="33" hits="11" branch="False" />
            <line number="34" hits="11" branch="False" />
            <line number="42" hits="2" branch="False" />
            <line number="43" hits="1" branch="False" />
            <line number="45" hits="1" branch="False" />
            <line number="53" hits="3" branch="False" />
            <line number="55" hits="3" branch="True" condition-coverage="50% (1/2)">
              <conditions>
                <condition number="17" type="jump" coverage="50%" />
              </conditions>
            </line>
            <line number="56" hits="3" branch="False" />
            <line number="57" hits="3" branch="False" />
            <line number="58" hits="3" branch="False" />
            <line number="66" hits="4" branch="False" />
            <line number="67" hits="3" branch="False" />
            <line number="69" hits="1" branch="False" />
          </lines>
        </class>
        <class name="KubeMQ.Aspire.Hosting.KubeMQServerResource" filename="KubeMQServerResource.cs" line-rate="1" branch-rate="1" complexity="4">
          <methods>
            <method name="get_GrpcEndpoint" signature="()" line-rate="1" branch-rate="1" complexity="2">
              <lines>
                <line number="23" hits="3" branch="True" condition-coverage="100% (2/2)">
                  <conditions>
                    <condition number="7" type="jump" coverage="100%" />
                  </conditions>
                </line>
              </lines>
            </method>
            <method name="get_ConnectionStringExpression" signature="()" line-rate="1" branch-rate="1" complexity="1">
              <lines>
                <line number="27" hits="1" branch="False" />
                <line number="28" hits="1" branch="False" />
              </lines>
            </method>
            <method name=".ctor" signature="(System.String)" line-rate="1" branch-rate="1" complexity="1">
              <lines>
                <line number="17" hits="22" branch="False" />
              </lines>
            </method>
          </methods>
          <lines>
            <line number="23" hits="3" branch="True" condition-coverage="100% (2/2)">
              <conditions>
                <condition number="7" type="jump" coverage="100%" />
              </conditions>
            </line>
            <line number="27" hits="1" branch="False" />
            <line number="28" hits="1" branch="False" />
            <line number="17" hits="22" branch="False" />
          </lines>
        </class>
      </classes>
    </package>
  </packages>
</coverage>